 AUTO_SET ks_solver to genelpa
 Input  warning : gamma_only_local algorithm is not used.
 AUTO_SET lcao_ecut to 60
 smearing_decision  warning : Fixed occupations,gauss broadening ignored
 AUTO_SET gaussian_parameter to 0
 In SCAN_BEGIN, can't find: LATTICE_PARAMETERS block.
 In SCAN_BEGIN, can't find: <PP_SPIN_ORB> block.
 In SCAN_END, can't find: </PP_SPIN_ORB> block.
 In SCAN_END, can't find: </UPF> block.
 AUTO_SET NBANDS to 0
 AUTO_SET NBANDS to 18
 Error : nkstot == -1, not implemented yet.
                 charge before normalized = 16.0000000000004
                  charge after normalized = 16
 Grid_Technique::init_atoms_on_grid  warning : No atom on this sub-FFT-mesh.
      Processor           Atom
              1              0
              2              0
              3             13
              4             15
              5             15
              6             11
              7              0
              8              0
 Grid_Technique::init_atoms_on_grid2  warning : no atom on this sub FFT grid.
