 AUTO_SET ks_solver to genelpa
 Input  warning : gamma_only_local algorithm is not used.
 AUTO_SET lcao_ecut to 60
 smearing_decision  warning : Fixed occupations,gauss broadening ignored
 AUTO_SET gaussian_parameter to 0
 In SCAN_BEGIN, can't find: LATTICE_PARAMETERS block.
 AUTO_SET NBANDS to 0
 AUTO_SET NBANDS to 121
 Grid_Technique::init_atoms_on_grid  warning : No atom on this sub-FFT-mesh.
      Processor           Atom
              1              0
              2              0
              3              0
              4              0
              5              8
              6             14
              7             15
              8             15
              9             15
             10             14
             11              8
             12              0
             13              0
             14              0
             15              0
             16              0
 Grid_Technique::init_atoms_on_grid2  warning : no atom on this sub FFT grid.
                 charge before normalized = 202
                  charge after normalized = 202
 -------------------------------------------------------
 NAME < cal_bands > = 
 -> Thu Nov 14 19:14:33 2024
 -> Thu Nov 14 19:15:43 2024
 TIME = 1.2 [Minutes]
 -------------------------------------------------------
