 AUTO_SET ks_solver to genelpa
 Input  warning : gamma_only_local algorithm is not used.
 AUTO_SET lcao_ecut to 60
 smearing_decision  warning : Fixed occupations,gauss broadening ignored
 AUTO_SET gaussian_parameter to 0
 In SCAN_BEGIN, can't find: LATTICE_PARAMETERS block.
 AUTO_SET NBANDS to 0
 AUTO_SET NBANDS to 123
 Grid_Technique::init_atoms_on_grid  warning : No atom on this sub-FFT-mesh.
      Processor           Atom
              1              0
              2              0
              3              0
              4              0
              5              8
              6             15
              7             16
              8             16
              9             16
             10             15
             11              9
             12              1
             13              0
             14              0
             15              0
             16              0
 Grid_Technique::init_atoms_on_grid2  warning : no atom on this sub FFT grid.
                 charge before normalized = 205.999999999998
                  charge after normalized = 206
 -------------------------------------------------------
 NAME < cal_bands > = 
 -> Fri Nov  8 17:16:16 2024
 -> Fri Nov  8 17:17:53 2024
 TIME = 1.6 [Minutes]
 -------------------------------------------------------
