 AUTO_SET ks_solver to genelpa
 Input  warning : gamma_only_local algorithm is not used.
 AUTO_SET lcao_ecut to 60
 smearing_decision  warning : Fixed occupations,gauss broadening ignored
 AUTO_SET gaussian_parameter to 0
 In SCAN_BEGIN, can't find: LATTICE_PARAMETERS block.
 AUTO_SET NBANDS to 0
 AUTO_SET NBANDS to 217
 Grid_Technique::init_atoms_on_grid  warning : No atom on this sub-FFT-mesh.
      Processor           Atom
              1             16
              2             24
              3             26
              4             29
              5             34
              6             34
              7             28
              8             22
              9             22
             10             20
             11             16
             12             10
             13              4
             14              0
             15              0
             16              6
                 charge before normalized = 361.999999999998
                  charge after normalized = 362
 -------------------------------------------------------
 NAME < cal_bands > = 
 -> Thu Nov 14 20:47:16 2024
 -> Thu Nov 14 20:48:32 2024
 TIME = 1.3 [Minutes]
 -------------------------------------------------------
